{"/Users/terrymarr/Projects/gatsby-plugin-base/src/gatsby-node.js": {"path":"/Users/terrymarr/Projects/gatsby-plugin-base/src/gatsby-node.js","statementMap":{"0":{"start":{"line":4,"column":28},"end":{"line":4,"column":35}},"1":{"start":{"line":5,"column":2},"end":{"line":11,"column":3}},"2":{"start":{"line":6,"column":4},"end":{"line":10,"column":7}}},"fnMap":{"0":{"name":"onCreateNode","decl":{"start":{"line":3,"column":16},"end":{"line":3,"column":28}},"loc":{"start":{"line":3,"column":46},"end":{"line":12,"column":1}},"line":3}},"branchMap":{"0":{"loc":{"start":{"line":5,"column":2},"end":{"line":11,"column":3}},"type":"if","locations":[{"start":{"line":5,"column":2},"end":{"line":11,"column":3}},{"start":{},"end":{}}],"line":5}},"s":{"0":2,"1":2,"2":1},"f":{"0":2},"b":{"0":[1,1]},"_coverageSchema":"1a1c01bbd47fc00a2c39e90264f33305004495a9","hash":"9bfb30ded33ea21f79d938656f9063ea2f6c55a1"}
}
